<?xml version="1.0" encoding="UTF-8"?>
<Site BuildName="(empty)"
	BuildStamp="20230612-0741-Experimental"
	Name="robotmaster-R5-TA6"
	Generator="ctest-3.16.3"
	CompilerName="/usr/bin/g++"
	CompilerVersion="9.4.0"
	OSName="Linux"
	Hostname="robotmaster-R5-TA6"
	OSRelease="5.15.0-72-generic"
	OSVersion="#79~20.04.1-Ubuntu SMP Thu Apr 20 22:12:07 UTC 2023"
	OSPlatform="x86_64"
	Is64Bits="1"
	VendorString="GenuineIntel"
	VendorID="Intel Corporation"
	FamilyID="6"
	ModelID="141"
	ProcessorCacheSize="24576"
	NumberOfLogicalCPU="16"
	NumberOfPhysicalCPU="8"
	TotalVirtualMemory="2047"
	TotalPhysicalMemory="31846"
	LogicalProcessorsPerPhysical="2"
	ProcessorClockFrequency="2300"
	>
	<Testing>
		<StartDateTime>Jun 12 16:41 JST</StartDateTime>
		<StartTestTime>1686555700</StartTestTime>
		<TestList/>
		<EndDateTime>Jun 12 16:41 JST</EndDateTime>
		<EndTestTime>1686555700</EndTestTime>
		<ElapsedMinutes>0</ElapsedMinutes>
	</Testing>
</Site>
